<?xml version="1.0" encoding="UTF-8"?>
<!-- Generated by org.testng.reporters.JUnitXMLReporter -->
<testsuite ignored="3" hostname="D-113194529" failures="0" tests="1" name="Test1" time="0.039" errors="0" timestamp="28 Apr 2020 06:00:38 GMT">
  <testcase classname="TestNGGroupsDemoPackage.TestNGGroupDemo" name="test2" time="0.011"/>
  <testcase classname="TestNGGroupsDemoPackage.TestNGGroupDemo" name="test1" time="0.0">
    <ignored/>
  </testcase> <!-- test1 -->
  <testcase classname="TestNGGroupsDemoPackage.TestNGGroupDemo" name="test4" time="0.0">
    <ignored/>
  </testcase> <!-- test4 -->
  <testcase classname="TestNGGroupsDemoPackage.TestNGGroupDemo" name="test3" time="0.0">
    <ignored/>
  </testcase> <!-- test3 -->
</testsuite> <!-- Test1 -->
