<?xml version="1.0" encoding="UTF-8"?>
<!-- Generated by org.testng.reporters.JUnitXMLReporter -->
<testsuite ignored="2" hostname="D-113194529" failures="0" tests="1" name="Default test(failed)" time="0.042" errors="0" timestamp="28 Apr 2020 11:59:53 GMT">
  <testcase classname="TestNGRetryOrRerunFailTestDemo.TestNGRetryOrRerunFailTest" name="test2" time="0.015"/>
  <testcase classname="TestNGRetryOrRerunFailTestDemo.TestNGRetryOrRerunFailTest" name="test1" time="0.0">
    <ignored/>
  </testcase> <!-- test1 -->
  <testcase classname="TestNGRetryOrRerunFailTestDemo.TestNGRetryOrRerunFailTest" name="test3" time="0.0">
    <ignored/>
  </testcase> <!-- test3 -->
</testsuite> <!-- Default test(failed) -->
